<?xml version="1.0" encoding="UTF-8"?>
<testng-results ignored="0" total="2" passed="2" failed="0" skipped="0">
  <reporter-output>
  </reporter-output>
  <suite started-at="2022-01-19T19:15:50 IST" name="Default suite" finished-at="2022-01-19T19:15:50 IST" duration-ms="69">
    <groups>
    </groups>
    <test started-at="2022-01-19T19:15:50 IST" name="Default test" finished-at="2022-01-19T19:15:50 IST" duration-ms="69">
      <class name="com.selenium.basic.DataProvider1">
        <test-method signature="login(java.lang.String,java.lang.String)[pri:0, instance:com.selenium.basic.DataProvider1@67080771]" started-at="2022-01-19T19:15:50 IST" name="login" data-provider="userpass" finished-at="2022-01-19T19:15:50 IST" duration-ms="9" status="PASS">
          <params>
            <param index="0">
              <value>
                <![CDATA[Rohan]]>
              </value>
            </param>
            <param index="1">
              <value>
                <![CDATA[Barai]]>
              </value>
            </param>
          </params>
          <reporter-output>
          </reporter-output>
        </test-method> <!-- login -->
        <test-method signature="login(java.lang.String,java.lang.String)[pri:0, instance:com.selenium.basic.DataProvider1@67080771]" started-at="2022-01-19T19:15:50 IST" name="login" data-provider="userpass" finished-at="2022-01-19T19:15:50 IST" duration-ms="2" status="PASS">
          <params>
            <param index="0">
              <value>
                <![CDATA[Rahul]]>
              </value>
            </param>
            <param index="1">
              <value>
                <![CDATA[Barai]]>
              </value>
            </param>
          </params>
          <reporter-output>
          </reporter-output>
        </test-method> <!-- login -->
      </class> <!-- com.selenium.basic.DataProvider1 -->
    </test> <!-- Default test -->
  </suite> <!-- Default suite -->
</testng-results>
